2023-05-10 11:17:25 [scrapy.utils.log] INFO: Scrapy 2.7.1 started (bot: spidertools)
2023-05-10 11:17:25 [scrapy.utils.log] INFO: Versions: lxml 4.9.2.0, libxml2 2.9.12, cssselect 1.2.0, parsel 1.7.0, w3lib 2.1.1, Twisted 22.10.0, Python 3.8.8 (tags/v3.8.8:024d805, Feb 19 2021, 13:18:16) [MSC v.1928 64 bit (AMD64)], pyOpenSSL 23.0.0 (OpenSSL 3.0.8 7 Feb 2023), cryptography 39.0.1, Platform Windows-10-10.0.19041-SP0
2023-05-10 11:17:25 [scrapy.crawler] INFO: Overridden settings:
{'BOT_NAME': 'spidertools',
 'COOKIES_ENABLED': False,
 'LOG_FILE': 'log/sousuo/2023510.log',
 'LOG_LEVEL': 'INFO',
 'LOG_STDOUT': 'true',
 'NEWSPIDER_MODULE': 'spidertools.spiders',
 'SPIDER_MODULES': ['spidertools.spiders']}
2023-05-10 11:17:25 [py.warnings] WARNING: d:\python3.8.8\lib\site-packages\scrapy\utils\request.py:231: ScrapyDeprecationWarning: '2.6' is a deprecated value for the 'REQUEST_FINGERPRINTER_IMPLEMENTATION' setting.

It is also the default value. In other words, it is normal to get this warning if you have not defined a value for the 'REQUEST_FINGERPRINTER_IMPLEMENTATION' setting. This is so for backward compatibility reasons, but it will change in a future version of Scrapy.

See the documentation of the 'REQUEST_FINGERPRINTER_IMPLEMENTATION' setting for information on how to handle this deprecation.
  return cls(crawler)

2023-05-10 11:17:26 [scrapy.extensions.telnet] INFO: Telnet Password: 9109d698ba2ea299
2023-05-10 11:17:26 [scrapy.middleware] INFO: Enabled extensions:
['scrapy.extensions.corestats.CoreStats',
 'scrapy.extensions.telnet.TelnetConsole',
 'scrapy.extensions.logstats.LogStats']
2023-05-10 11:17:27 [scrapy.middleware] INFO: Enabled downloader middlewares:
['scrapy.downloadermiddlewares.httpauth.HttpAuthMiddleware',
 'scrapy.downloadermiddlewares.downloadtimeout.DownloadTimeoutMiddleware',
 'scrapy.downloadermiddlewares.defaultheaders.DefaultHeadersMiddleware',
 'scrapy.downloadermiddlewares.useragent.UserAgentMiddleware',
 'spidertools.PenrMiddlewares.Middleware',
 'scrapy.downloadermiddlewares.retry.RetryMiddleware',
 'scrapy.downloadermiddlewares.redirect.MetaRefreshMiddleware',
 'scrapy.downloadermiddlewares.httpcompression.HttpCompressionMiddleware',
 'scrapy.downloadermiddlewares.redirect.RedirectMiddleware',
 'scrapy.downloadermiddlewares.httpproxy.HttpProxyMiddleware',
 'scrapy.downloadermiddlewares.stats.DownloaderStats']
2023-05-10 11:17:27 [scrapy.middleware] INFO: Enabled spider middlewares:
['scrapy.spidermiddlewares.httperror.HttpErrorMiddleware',
 'scrapy.spidermiddlewares.offsite.OffsiteMiddleware',
 'scrapy.spidermiddlewares.referer.RefererMiddleware',
 'scrapy.spidermiddlewares.urllength.UrlLengthMiddleware',
 'scrapy.spidermiddlewares.depth.DepthMiddleware']
2023-05-10 11:17:27 [scrapy.middleware] INFO: Enabled item pipelines:
['spidertools.pipelines.SpidertoolsPipeline']
2023-05-10 11:17:27 [scrapy.core.engine] INFO: Spider opened
2023-05-10 11:17:28 [scrapy.extensions.logstats] INFO: Crawled 0 pages (at 0 pages/min), scraped 0 items (at 0 items/min)
2023-05-10 11:17:28 [scrapy.extensions.telnet] INFO: Telnet console listening on 127.0.0.1:6023
2023-05-10 11:17:29 [scrapy.core.engine] INFO: Closing spider (finished)
2023-05-10 11:17:29 [scrapy.statscollectors] INFO: Dumping Scrapy stats:
{'downloader/request_bytes': 337,
 'downloader/request_count': 1,
 'downloader/request_method_count/GET': 1,
 'downloader/response_bytes': 18662,
 'downloader/response_count': 1,
 'downloader/response_status_count/200': 1,
 'elapsed_time_seconds': 0.837028,
 'finish_reason': 'finished',
 'finish_time': datetime.datetime(2023, 5, 10, 3, 17, 29, 785574),
 'item_scraped_count': 1,
 'log_count/INFO': 10,
 'log_count/WARNING': 1,
 'response_received_count': 1,
 'scheduler/dequeued': 1,
 'scheduler/dequeued/memory': 1,
 'scheduler/enqueued': 1,
 'scheduler/enqueued/memory': 1,
 'start_time': datetime.datetime(2023, 5, 10, 3, 17, 28, 948546)}
2023-05-10 11:17:29 [scrapy.core.engine] INFO: Spider closed (finished)
