2023-05-26 11:50:06 [scrapy.utils.log] INFO: Scrapy 2.7.1 started (bot: spidertools)
2023-05-26 11:50:06 [scrapy.utils.log] INFO: Versions: lxml 4.9.2.0, libxml2 2.9.12, cssselect 1.2.0, parsel 1.7.0, w3lib 2.1.1, Twisted 22.10.0, Python 3.8.8 (tags/v3.8.8:024d805, Feb 19 2021, 13:18:16) [MSC v.1928 64 bit (AMD64)], pyOpenSSL 23.0.0 (OpenSSL 3.0.8 7 Feb 2023), cryptography 39.0.1, Platform Windows-10-10.0.19041-SP0
2023-05-26 11:50:06 [scrapy.crawler] INFO: Overridden settings:
{'BOT_NAME': 'spidertools',
 'COOKIES_ENABLED': False,
 'LOG_FILE': 'log/wenming2/2023526.log',
 'LOG_LEVEL': 'INFO',
 'LOG_STDOUT': 'true',
 'NEWSPIDER_MODULE': 'spidertools.spiders',
 'REQUEST_FINGERPRINTER_IMPLEMENTATION': '2.7',
 'SPIDER_MODULES': ['spidertools.spiders']}
2023-05-26 11:50:06 [scrapy.extensions.telnet] INFO: Telnet Password: 818c297d335222ba
2023-05-26 11:50:06 [scrapy.middleware] INFO: Enabled extensions:
['scrapy.extensions.corestats.CoreStats',
 'scrapy.extensions.telnet.TelnetConsole',
 'scrapy.extensions.logstats.LogStats']
2023-05-26 11:50:06 [twisted] CRITICAL: Unhandled error in Deferred:
2023-05-26 11:50:06 [twisted] CRITICAL: 
Traceback (most recent call last):
  File "d:\python3.8.8\lib\site-packages\twisted\internet\defer.py", line 1697, in _inlineCallbacks
    result = context.run(gen.send, result)
  File "d:\python3.8.8\lib\site-packages\scrapy\crawler.py", line 115, in crawl
    self.spider = self._create_spider(*args, **kwargs)
  File "d:\python3.8.8\lib\site-packages\scrapy\crawler.py", line 127, in _create_spider
    return self.spidercls.from_crawler(self, *args, **kwargs)
  File "d:\python3.8.8\lib\site-packages\scrapy\spiders\__init__.py", line 48, in from_crawler
    spider = cls(*args, **kwargs)
  File "D:\Pythonproject\work_file\crawler-antd\crawldrf\spidertools\spidertools\spiders\spider.py", line 27, in __init__
    self.CData = self.eval(kwargs.get('CData'))[0]
TypeError: 'NoneType' object is not subscriptable
2023-05-26 11:51:33 [scrapy.utils.log] INFO: Scrapy 2.7.1 started (bot: spidertools)
2023-05-26 11:51:33 [scrapy.utils.log] INFO: Versions: lxml 4.9.2.0, libxml2 2.9.12, cssselect 1.2.0, parsel 1.7.0, w3lib 2.1.1, Twisted 22.10.0, Python 3.8.8 (tags/v3.8.8:024d805, Feb 19 2021, 13:18:16) [MSC v.1928 64 bit (AMD64)], pyOpenSSL 23.0.0 (OpenSSL 3.0.8 7 Feb 2023), cryptography 39.0.1, Platform Windows-10-10.0.19041-SP0
2023-05-26 11:51:33 [scrapy.crawler] INFO: Overridden settings:
{'BOT_NAME': 'spidertools',
 'COOKIES_ENABLED': False,
 'LOG_FILE': 'log/wenming2/2023526.log',
 'LOG_LEVEL': 'INFO',
 'LOG_STDOUT': 'true',
 'NEWSPIDER_MODULE': 'spidertools.spiders',
 'REQUEST_FINGERPRINTER_IMPLEMENTATION': '2.7',
 'SPIDER_MODULES': ['spidertools.spiders']}
2023-05-26 11:51:33 [scrapy.extensions.telnet] INFO: Telnet Password: 819d5af0501cfaf2
2023-05-26 11:51:33 [scrapy.middleware] INFO: Enabled extensions:
['scrapy.extensions.corestats.CoreStats',
 'scrapy.extensions.telnet.TelnetConsole',
 'scrapy.extensions.logstats.LogStats']
2023-05-26 11:51:37 [scrapy.middleware] INFO: Enabled downloader middlewares:
['scrapy.downloadermiddlewares.httpauth.HttpAuthMiddleware',
 'scrapy.downloadermiddlewares.downloadtimeout.DownloadTimeoutMiddleware',
 'scrapy.downloadermiddlewares.defaultheaders.DefaultHeadersMiddleware',
 'scrapy.downloadermiddlewares.useragent.UserAgentMiddleware',
 'spidertools.PenrMiddlewares.Middleware',
 'scrapy.downloadermiddlewares.retry.RetryMiddleware',
 'scrapy.downloadermiddlewares.redirect.MetaRefreshMiddleware',
 'scrapy.downloadermiddlewares.httpcompression.HttpCompressionMiddleware',
 'scrapy.downloadermiddlewares.redirect.RedirectMiddleware',
 'scrapy.downloadermiddlewares.httpproxy.HttpProxyMiddleware',
 'scrapy.downloadermiddlewares.stats.DownloaderStats']
2023-05-26 11:51:37 [scrapy.middleware] INFO: Enabled spider middlewares:
['scrapy.spidermiddlewares.httperror.HttpErrorMiddleware',
 'scrapy.spidermiddlewares.offsite.OffsiteMiddleware',
 'scrapy.spidermiddlewares.referer.RefererMiddleware',
 'scrapy.spidermiddlewares.urllength.UrlLengthMiddleware',
 'scrapy.spidermiddlewares.depth.DepthMiddleware']
2023-05-26 11:51:37 [scrapy.middleware] INFO: Enabled item pipelines:
['spidertools.pipelines.SpidertoolsPipeline']
2023-05-26 11:51:37 [scrapy.core.engine] INFO: Spider opened
2023-05-26 11:51:38 [scrapy.extensions.logstats] INFO: Crawled 0 pages (at 0 pages/min), scraped 0 items (at 0 items/min)
2023-05-26 11:51:38 [scrapy.extensions.telnet] INFO: Telnet console listening on 127.0.0.1:6023
2023-05-26 11:51:39 [scrapy.core.engine] INFO: Closing spider (finished)
2023-05-26 11:51:39 [scrapy.statscollectors] INFO: Dumping Scrapy stats:
{'downloader/request_bytes': 302,
 'downloader/request_count': 1,
 'downloader/request_method_count/GET': 1,
 'downloader/response_bytes': 26312,
 'downloader/response_count': 1,
 'downloader/response_status_count/200': 1,
 'elapsed_time_seconds': 0.533999,
 'finish_reason': 'finished',
 'finish_time': datetime.datetime(2023, 5, 26, 3, 51, 39, 303538),
 'item_scraped_count': 1,
 'log_count/INFO': 10,
 'response_received_count': 1,
 'scheduler/dequeued': 1,
 'scheduler/dequeued/memory': 1,
 'scheduler/enqueued': 1,
 'scheduler/enqueued/memory': 1,
 'start_time': datetime.datetime(2023, 5, 26, 3, 51, 38, 769539)}
2023-05-26 11:51:39 [scrapy.core.engine] INFO: Spider closed (finished)
