2023-05-25 17:15:06 [scrapy.utils.log] INFO: Scrapy 2.7.1 started (bot: spidertools)
2023-05-25 17:15:06 [scrapy.utils.log] INFO: Versions: lxml 4.9.2.0, libxml2 2.9.12, cssselect 1.2.0, parsel 1.7.0, w3lib 2.1.1, Twisted 22.10.0, Python 3.8.8 (tags/v3.8.8:024d805, Feb 19 2021, 13:18:16) [MSC v.1928 64 bit (AMD64)], pyOpenSSL 23.0.0 (OpenSSL 3.0.8 7 Feb 2023), cryptography 39.0.1, Platform Windows-10-10.0.19041-SP0
2023-05-25 17:15:07 [scrapy.crawler] INFO: Overridden settings:
{'BOT_NAME': 'spidertools',
 'COOKIES_ENABLED': False,
 'LOG_FILE': 'log/sousuo/2023525.log',
 'LOG_LEVEL': 'INFO',
 'LOG_STDOUT': 'true',
 'NEWSPIDER_MODULE': 'spidertools.spiders',
 'SPIDER_MODULES': ['spidertools.spiders']}
2023-05-25 17:15:07 [py.warnings] WARNING: d:\python3.8.8\lib\site-packages\scrapy\utils\request.py:231: ScrapyDeprecationWarning: '2.6' is a deprecated value for the 'REQUEST_FINGERPRINTER_IMPLEMENTATION' setting.

It is also the default value. In other words, it is normal to get this warning if you have not defined a value for the 'REQUEST_FINGERPRINTER_IMPLEMENTATION' setting. This is so for backward compatibility reasons, but it will change in a future version of Scrapy.

See the documentation of the 'REQUEST_FINGERPRINTER_IMPLEMENTATION' setting for information on how to handle this deprecation.
  return cls(crawler)

2023-05-25 17:15:07 [scrapy.extensions.telnet] INFO: Telnet Password: 8c97502659adfbd0
2023-05-25 17:15:07 [scrapy.middleware] INFO: Enabled extensions:
['scrapy.extensions.corestats.CoreStats',
 'scrapy.extensions.telnet.TelnetConsole',
 'scrapy.extensions.logstats.LogStats']
2023-05-25 17:15:09 [scrapy.middleware] INFO: Enabled downloader middlewares:
['scrapy.downloadermiddlewares.httpauth.HttpAuthMiddleware',
 'scrapy.downloadermiddlewares.downloadtimeout.DownloadTimeoutMiddleware',
 'scrapy.downloadermiddlewares.defaultheaders.DefaultHeadersMiddleware',
 'scrapy.downloadermiddlewares.useragent.UserAgentMiddleware',
 'spidertools.PenrMiddlewares.Middleware',
 'scrapy.downloadermiddlewares.retry.RetryMiddleware',
 'scrapy.downloadermiddlewares.redirect.MetaRefreshMiddleware',
 'scrapy.downloadermiddlewares.httpcompression.HttpCompressionMiddleware',
 'scrapy.downloadermiddlewares.redirect.RedirectMiddleware',
 'scrapy.downloadermiddlewares.httpproxy.HttpProxyMiddleware',
 'scrapy.downloadermiddlewares.stats.DownloaderStats']
2023-05-25 17:15:09 [scrapy.middleware] INFO: Enabled spider middlewares:
['scrapy.spidermiddlewares.httperror.HttpErrorMiddleware',
 'scrapy.spidermiddlewares.offsite.OffsiteMiddleware',
 'scrapy.spidermiddlewares.referer.RefererMiddleware',
 'scrapy.spidermiddlewares.urllength.UrlLengthMiddleware',
 'scrapy.spidermiddlewares.depth.DepthMiddleware']
2023-05-25 17:15:09 [scrapy.middleware] INFO: Enabled item pipelines:
['spidertools.pipelines.SpidertoolsPipeline']
2023-05-25 17:15:09 [scrapy.core.engine] INFO: Spider opened
2023-05-25 17:15:09 [scrapy.extensions.logstats] INFO: Crawled 0 pages (at 0 pages/min), scraped 0 items (at 0 items/min)
2023-05-25 17:15:09 [scrapy.extensions.telnet] INFO: Telnet console listening on 127.0.0.1:6023
2023-05-25 17:15:10 [scrapy.core.engine] INFO: Closing spider (finished)
2023-05-25 17:15:10 [scrapy.statscollectors] INFO: Dumping Scrapy stats:
{'downloader/request_bytes': 367,
 'downloader/request_count': 1,
 'downloader/request_method_count/GET': 1,
 'downloader/response_bytes': 18523,
 'downloader/response_count': 1,
 'downloader/response_status_count/200': 1,
 'elapsed_time_seconds': 0.468917,
 'finish_reason': 'finished',
 'finish_time': datetime.datetime(2023, 5, 25, 9, 15, 10, 346921),
 'item_scraped_count': 1,
 'log_count/INFO': 10,
 'log_count/WARNING': 1,
 'response_received_count': 1,
 'scheduler/dequeued': 1,
 'scheduler/dequeued/memory': 1,
 'scheduler/enqueued': 1,
 'scheduler/enqueued/memory': 1,
 'start_time': datetime.datetime(2023, 5, 25, 9, 15, 9, 878004)}
2023-05-25 17:15:10 [scrapy.core.engine] INFO: Spider closed (finished)
2023-05-25 17:17:37 [scrapy.utils.log] INFO: Scrapy 2.7.1 started (bot: spidertools)
2023-05-25 17:17:37 [scrapy.utils.log] INFO: Versions: lxml 4.9.2.0, libxml2 2.9.12, cssselect 1.2.0, parsel 1.7.0, w3lib 2.1.1, Twisted 22.10.0, Python 3.8.8 (tags/v3.8.8:024d805, Feb 19 2021, 13:18:16) [MSC v.1928 64 bit (AMD64)], pyOpenSSL 23.0.0 (OpenSSL 3.0.8 7 Feb 2023), cryptography 39.0.1, Platform Windows-10-10.0.19041-SP0
2023-05-25 17:17:37 [scrapy.crawler] INFO: Overridden settings:
{'BOT_NAME': 'spidertools',
 'COOKIES_ENABLED': False,
 'LOG_FILE': 'log/sousuo/2023525.log',
 'LOG_LEVEL': 'INFO',
 'LOG_STDOUT': 'true',
 'NEWSPIDER_MODULE': 'spidertools.spiders',
 'SPIDER_MODULES': ['spidertools.spiders']}
2023-05-25 17:17:37 [py.warnings] WARNING: d:\python3.8.8\lib\site-packages\scrapy\utils\request.py:231: ScrapyDeprecationWarning: '2.6' is a deprecated value for the 'REQUEST_FINGERPRINTER_IMPLEMENTATION' setting.

It is also the default value. In other words, it is normal to get this warning if you have not defined a value for the 'REQUEST_FINGERPRINTER_IMPLEMENTATION' setting. This is so for backward compatibility reasons, but it will change in a future version of Scrapy.

See the documentation of the 'REQUEST_FINGERPRINTER_IMPLEMENTATION' setting for information on how to handle this deprecation.
  return cls(crawler)

2023-05-25 17:17:37 [scrapy.extensions.telnet] INFO: Telnet Password: 111d6668a6f82970
2023-05-25 17:17:37 [scrapy.middleware] INFO: Enabled extensions:
['scrapy.extensions.corestats.CoreStats',
 'scrapy.extensions.telnet.TelnetConsole',
 'scrapy.extensions.logstats.LogStats']
2023-05-25 17:17:40 [scrapy.middleware] INFO: Enabled downloader middlewares:
['scrapy.downloadermiddlewares.httpauth.HttpAuthMiddleware',
 'scrapy.downloadermiddlewares.downloadtimeout.DownloadTimeoutMiddleware',
 'scrapy.downloadermiddlewares.defaultheaders.DefaultHeadersMiddleware',
 'scrapy.downloadermiddlewares.useragent.UserAgentMiddleware',
 'spidertools.PenrMiddlewares.Middleware',
 'scrapy.downloadermiddlewares.retry.RetryMiddleware',
 'scrapy.downloadermiddlewares.redirect.MetaRefreshMiddleware',
 'scrapy.downloadermiddlewares.httpcompression.HttpCompressionMiddleware',
 'scrapy.downloadermiddlewares.redirect.RedirectMiddleware',
 'scrapy.downloadermiddlewares.httpproxy.HttpProxyMiddleware',
 'scrapy.downloadermiddlewares.stats.DownloaderStats']
2023-05-25 17:17:40 [scrapy.middleware] INFO: Enabled spider middlewares:
['scrapy.spidermiddlewares.httperror.HttpErrorMiddleware',
 'scrapy.spidermiddlewares.offsite.OffsiteMiddleware',
 'scrapy.spidermiddlewares.referer.RefererMiddleware',
 'scrapy.spidermiddlewares.urllength.UrlLengthMiddleware',
 'scrapy.spidermiddlewares.depth.DepthMiddleware']
2023-05-25 17:17:40 [scrapy.middleware] INFO: Enabled item pipelines:
['spidertools.pipelines.SpidertoolsPipeline']
2023-05-25 17:17:40 [scrapy.core.engine] INFO: Spider opened
2023-05-25 17:17:41 [scrapy.extensions.logstats] INFO: Crawled 0 pages (at 0 pages/min), scraped 0 items (at 0 items/min)
2023-05-25 17:17:41 [scrapy.extensions.telnet] INFO: Telnet console listening on 127.0.0.1:6023
2023-05-25 17:17:41 [scrapy.core.engine] INFO: Closing spider (finished)
2023-05-25 17:17:41 [scrapy.statscollectors] INFO: Dumping Scrapy stats:
{'downloader/request_bytes': 302,
 'downloader/request_count': 1,
 'downloader/request_method_count/GET': 1,
 'downloader/response_bytes': 18523,
 'downloader/response_count': 1,
 'downloader/response_status_count/200': 1,
 'elapsed_time_seconds': 0.463859,
 'finish_reason': 'finished',
 'finish_time': datetime.datetime(2023, 5, 25, 9, 17, 41, 573130),
 'item_scraped_count': 1,
 'log_count/INFO': 10,
 'log_count/WARNING': 1,
 'response_received_count': 1,
 'scheduler/dequeued': 1,
 'scheduler/dequeued/memory': 1,
 'scheduler/enqueued': 1,
 'scheduler/enqueued/memory': 1,
 'start_time': datetime.datetime(2023, 5, 25, 9, 17, 41, 109271)}
2023-05-25 17:17:41 [scrapy.core.engine] INFO: Spider closed (finished)
2023-05-25 17:18:14 [scrapy.utils.log] INFO: Scrapy 2.7.1 started (bot: spidertools)
2023-05-25 17:18:14 [scrapy.utils.log] INFO: Versions: lxml 4.9.2.0, libxml2 2.9.12, cssselect 1.2.0, parsel 1.7.0, w3lib 2.1.1, Twisted 22.10.0, Python 3.8.8 (tags/v3.8.8:024d805, Feb 19 2021, 13:18:16) [MSC v.1928 64 bit (AMD64)], pyOpenSSL 23.0.0 (OpenSSL 3.0.8 7 Feb 2023), cryptography 39.0.1, Platform Windows-10-10.0.19041-SP0
2023-05-25 17:18:14 [scrapy.crawler] INFO: Overridden settings:
{'BOT_NAME': 'spidertools',
 'COOKIES_ENABLED': False,
 'LOG_FILE': 'log/sousuo/2023525.log',
 'LOG_LEVEL': 'INFO',
 'LOG_STDOUT': 'true',
 'NEWSPIDER_MODULE': 'spidertools.spiders',
 'SPIDER_MODULES': ['spidertools.spiders']}
2023-05-25 17:18:14 [py.warnings] WARNING: d:\python3.8.8\lib\site-packages\scrapy\utils\request.py:231: ScrapyDeprecationWarning: '2.6' is a deprecated value for the 'REQUEST_FINGERPRINTER_IMPLEMENTATION' setting.

It is also the default value. In other words, it is normal to get this warning if you have not defined a value for the 'REQUEST_FINGERPRINTER_IMPLEMENTATION' setting. This is so for backward compatibility reasons, but it will change in a future version of Scrapy.

See the documentation of the 'REQUEST_FINGERPRINTER_IMPLEMENTATION' setting for information on how to handle this deprecation.
  return cls(crawler)

2023-05-25 17:18:14 [scrapy.extensions.telnet] INFO: Telnet Password: 31e084430e7d98cd
2023-05-25 17:18:14 [scrapy.middleware] INFO: Enabled extensions:
['scrapy.extensions.corestats.CoreStats',
 'scrapy.extensions.telnet.TelnetConsole',
 'scrapy.extensions.logstats.LogStats']
2023-05-25 17:18:16 [scrapy.middleware] INFO: Enabled downloader middlewares:
['scrapy.downloadermiddlewares.httpauth.HttpAuthMiddleware',
 'scrapy.downloadermiddlewares.downloadtimeout.DownloadTimeoutMiddleware',
 'scrapy.downloadermiddlewares.defaultheaders.DefaultHeadersMiddleware',
 'scrapy.downloadermiddlewares.useragent.UserAgentMiddleware',
 'spidertools.PenrMiddlewares.Middleware',
 'scrapy.downloadermiddlewares.retry.RetryMiddleware',
 'scrapy.downloadermiddlewares.redirect.MetaRefreshMiddleware',
 'scrapy.downloadermiddlewares.httpcompression.HttpCompressionMiddleware',
 'scrapy.downloadermiddlewares.redirect.RedirectMiddleware',
 'scrapy.downloadermiddlewares.httpproxy.HttpProxyMiddleware',
 'scrapy.downloadermiddlewares.stats.DownloaderStats']
2023-05-25 17:18:16 [scrapy.middleware] INFO: Enabled spider middlewares:
['scrapy.spidermiddlewares.httperror.HttpErrorMiddleware',
 'scrapy.spidermiddlewares.offsite.OffsiteMiddleware',
 'scrapy.spidermiddlewares.referer.RefererMiddleware',
 'scrapy.spidermiddlewares.urllength.UrlLengthMiddleware',
 'scrapy.spidermiddlewares.depth.DepthMiddleware']
2023-05-25 17:18:16 [scrapy.middleware] INFO: Enabled item pipelines:
['spidertools.pipelines.SpidertoolsPipeline']
2023-05-25 17:18:16 [scrapy.core.engine] INFO: Spider opened
2023-05-25 17:18:16 [scrapy.extensions.logstats] INFO: Crawled 0 pages (at 0 pages/min), scraped 0 items (at 0 items/min)
2023-05-25 17:18:16 [scrapy.extensions.telnet] INFO: Telnet console listening on 127.0.0.1:6023
2023-05-25 17:18:16 [scrapy.core.engine] INFO: Closing spider (finished)
2023-05-25 17:18:16 [scrapy.statscollectors] INFO: Dumping Scrapy stats:
{'downloader/request_bytes': 337,
 'downloader/request_count': 1,
 'downloader/request_method_count/GET': 1,
 'downloader/response_bytes': 18523,
 'downloader/response_count': 1,
 'downloader/response_status_count/200': 1,
 'elapsed_time_seconds': 0.212606,
 'finish_reason': 'finished',
 'finish_time': datetime.datetime(2023, 5, 25, 9, 18, 16, 936904),
 'item_scraped_count': 1,
 'log_count/INFO': 10,
 'log_count/WARNING': 1,
 'response_received_count': 1,
 'scheduler/dequeued': 1,
 'scheduler/dequeued/memory': 1,
 'scheduler/enqueued': 1,
 'scheduler/enqueued/memory': 1,
 'start_time': datetime.datetime(2023, 5, 25, 9, 18, 16, 724298)}
2023-05-25 17:18:16 [scrapy.core.engine] INFO: Spider closed (finished)
2023-05-25 17:19:03 [scrapy.utils.log] INFO: Scrapy 2.7.1 started (bot: spidertools)
2023-05-25 17:19:03 [scrapy.utils.log] INFO: Versions: lxml 4.9.2.0, libxml2 2.9.12, cssselect 1.2.0, parsel 1.7.0, w3lib 2.1.1, Twisted 22.10.0, Python 3.8.8 (tags/v3.8.8:024d805, Feb 19 2021, 13:18:16) [MSC v.1928 64 bit (AMD64)], pyOpenSSL 23.0.0 (OpenSSL 3.0.8 7 Feb 2023), cryptography 39.0.1, Platform Windows-10-10.0.19041-SP0
2023-05-25 17:19:03 [scrapy.crawler] INFO: Overridden settings:
{'BOT_NAME': 'spidertools',
 'COOKIES_ENABLED': False,
 'LOG_FILE': 'log/sousuo/2023525.log',
 'LOG_LEVEL': 'INFO',
 'LOG_STDOUT': 'true',
 'NEWSPIDER_MODULE': 'spidertools.spiders',
 'SPIDER_MODULES': ['spidertools.spiders']}
2023-05-25 17:19:03 [py.warnings] WARNING: d:\python3.8.8\lib\site-packages\scrapy\utils\request.py:231: ScrapyDeprecationWarning: '2.6' is a deprecated value for the 'REQUEST_FINGERPRINTER_IMPLEMENTATION' setting.

It is also the default value. In other words, it is normal to get this warning if you have not defined a value for the 'REQUEST_FINGERPRINTER_IMPLEMENTATION' setting. This is so for backward compatibility reasons, but it will change in a future version of Scrapy.

See the documentation of the 'REQUEST_FINGERPRINTER_IMPLEMENTATION' setting for information on how to handle this deprecation.
  return cls(crawler)

2023-05-25 17:19:03 [scrapy.extensions.telnet] INFO: Telnet Password: c2b49c1edf5c7660
2023-05-25 17:19:03 [scrapy.middleware] INFO: Enabled extensions:
['scrapy.extensions.corestats.CoreStats',
 'scrapy.extensions.telnet.TelnetConsole',
 'scrapy.extensions.logstats.LogStats']
2023-05-25 17:19:05 [scrapy.middleware] INFO: Enabled downloader middlewares:
['scrapy.downloadermiddlewares.httpauth.HttpAuthMiddleware',
 'scrapy.downloadermiddlewares.downloadtimeout.DownloadTimeoutMiddleware',
 'scrapy.downloadermiddlewares.defaultheaders.DefaultHeadersMiddleware',
 'scrapy.downloadermiddlewares.useragent.UserAgentMiddleware',
 'spidertools.PenrMiddlewares.Middleware',
 'scrapy.downloadermiddlewares.retry.RetryMiddleware',
 'scrapy.downloadermiddlewares.redirect.MetaRefreshMiddleware',
 'scrapy.downloadermiddlewares.httpcompression.HttpCompressionMiddleware',
 'scrapy.downloadermiddlewares.redirect.RedirectMiddleware',
 'scrapy.downloadermiddlewares.httpproxy.HttpProxyMiddleware',
 'scrapy.downloadermiddlewares.stats.DownloaderStats']
2023-05-25 17:19:05 [scrapy.middleware] INFO: Enabled spider middlewares:
['scrapy.spidermiddlewares.httperror.HttpErrorMiddleware',
 'scrapy.spidermiddlewares.offsite.OffsiteMiddleware',
 'scrapy.spidermiddlewares.referer.RefererMiddleware',
 'scrapy.spidermiddlewares.urllength.UrlLengthMiddleware',
 'scrapy.spidermiddlewares.depth.DepthMiddleware']
2023-05-25 17:19:05 [scrapy.middleware] INFO: Enabled item pipelines:
['spidertools.pipelines.SpidertoolsPipeline']
2023-05-25 17:19:05 [scrapy.core.engine] INFO: Spider opened
2023-05-25 17:19:06 [scrapy.extensions.logstats] INFO: Crawled 0 pages (at 0 pages/min), scraped 0 items (at 0 items/min)
2023-05-25 17:19:06 [scrapy.extensions.telnet] INFO: Telnet console listening on 127.0.0.1:6023
2023-05-25 17:19:07 [scrapy.core.engine] INFO: Closing spider (finished)
2023-05-25 17:19:07 [scrapy.statscollectors] INFO: Dumping Scrapy stats:
{'downloader/request_bytes': 344,
 'downloader/request_count': 1,
 'downloader/request_method_count/GET': 1,
 'downloader/response_bytes': 18523,
 'downloader/response_count': 1,
 'downloader/response_status_count/200': 1,
 'elapsed_time_seconds': 0.322997,
 'finish_reason': 'finished',
 'finish_time': datetime.datetime(2023, 5, 25, 9, 19, 7, 13671),
 'item_scraped_count': 1,
 'log_count/INFO': 10,
 'log_count/WARNING': 1,
 'response_received_count': 1,
 'scheduler/dequeued': 1,
 'scheduler/dequeued/memory': 1,
 'scheduler/enqueued': 1,
 'scheduler/enqueued/memory': 1,
 'start_time': datetime.datetime(2023, 5, 25, 9, 19, 6, 690674)}
2023-05-25 17:19:07 [scrapy.core.engine] INFO: Spider closed (finished)
2023-05-25 17:22:14 [scrapy.utils.log] INFO: Scrapy 2.7.1 started (bot: spidertools)
2023-05-25 17:22:14 [scrapy.utils.log] INFO: Versions: lxml 4.9.2.0, libxml2 2.9.12, cssselect 1.2.0, parsel 1.7.0, w3lib 2.1.1, Twisted 22.10.0, Python 3.8.8 (tags/v3.8.8:024d805, Feb 19 2021, 13:18:16) [MSC v.1928 64 bit (AMD64)], pyOpenSSL 23.0.0 (OpenSSL 3.0.8 7 Feb 2023), cryptography 39.0.1, Platform Windows-10-10.0.19041-SP0
2023-05-25 17:22:14 [scrapy.crawler] INFO: Overridden settings:
{'BOT_NAME': 'spidertools',
 'COOKIES_ENABLED': False,
 'LOG_FILE': 'log/sousuo/2023525.log',
 'LOG_LEVEL': 'INFO',
 'LOG_STDOUT': 'true',
 'NEWSPIDER_MODULE': 'spidertools.spiders',
 'REQUEST_FINGERPRINTER_IMPLEMENTATION': '2.7',
 'SPIDER_MODULES': ['spidertools.spiders']}
2023-05-25 17:22:14 [scrapy.extensions.telnet] INFO: Telnet Password: 229f39815ce85ab5
2023-05-25 17:22:14 [scrapy.middleware] INFO: Enabled extensions:
['scrapy.extensions.corestats.CoreStats',
 'scrapy.extensions.telnet.TelnetConsole',
 'scrapy.extensions.logstats.LogStats']
2023-05-25 17:22:15 [scrapy.middleware] INFO: Enabled downloader middlewares:
['scrapy.downloadermiddlewares.httpauth.HttpAuthMiddleware',
 'scrapy.downloadermiddlewares.downloadtimeout.DownloadTimeoutMiddleware',
 'scrapy.downloadermiddlewares.defaultheaders.DefaultHeadersMiddleware',
 'scrapy.downloadermiddlewares.useragent.UserAgentMiddleware',
 'spidertools.PenrMiddlewares.Middleware',
 'scrapy.downloadermiddlewares.retry.RetryMiddleware',
 'scrapy.downloadermiddlewares.redirect.MetaRefreshMiddleware',
 'scrapy.downloadermiddlewares.httpcompression.HttpCompressionMiddleware',
 'scrapy.downloadermiddlewares.redirect.RedirectMiddleware',
 'scrapy.downloadermiddlewares.httpproxy.HttpProxyMiddleware',
 'scrapy.downloadermiddlewares.stats.DownloaderStats']
2023-05-25 17:22:15 [scrapy.middleware] INFO: Enabled spider middlewares:
['scrapy.spidermiddlewares.httperror.HttpErrorMiddleware',
 'scrapy.spidermiddlewares.offsite.OffsiteMiddleware',
 'scrapy.spidermiddlewares.referer.RefererMiddleware',
 'scrapy.spidermiddlewares.urllength.UrlLengthMiddleware',
 'scrapy.spidermiddlewares.depth.DepthMiddleware']
2023-05-25 17:22:15 [scrapy.middleware] INFO: Enabled item pipelines:
['spidertools.pipelines.SpidertoolsPipeline']
2023-05-25 17:22:15 [scrapy.core.engine] INFO: Spider opened
2023-05-25 17:22:16 [scrapy.extensions.logstats] INFO: Crawled 0 pages (at 0 pages/min), scraped 0 items (at 0 items/min)
2023-05-25 17:22:16 [scrapy.extensions.telnet] INFO: Telnet console listening on 127.0.0.1:6023
2023-05-25 17:22:17 [scrapy.core.engine] INFO: Closing spider (finished)
2023-05-25 17:22:17 [scrapy.statscollectors] INFO: Dumping Scrapy stats:
{'downloader/request_bytes': 367,
 'downloader/request_count': 1,
 'downloader/request_method_count/GET': 1,
 'downloader/response_bytes': 18523,
 'downloader/response_count': 1,
 'downloader/response_status_count/200': 1,
 'elapsed_time_seconds': 0.293149,
 'finish_reason': 'finished',
 'finish_time': datetime.datetime(2023, 5, 25, 9, 22, 17, 50276),
 'item_scraped_count': 1,
 'log_count/INFO': 10,
 'response_received_count': 1,
 'scheduler/dequeued': 1,
 'scheduler/dequeued/memory': 1,
 'scheduler/enqueued': 1,
 'scheduler/enqueued/memory': 1,
 'start_time': datetime.datetime(2023, 5, 25, 9, 22, 16, 757127)}
2023-05-25 17:22:17 [scrapy.core.engine] INFO: Spider closed (finished)
