2023-03-04 13:38:55 [scrapy.utils.log] INFO: Scrapy 2.6.1 started (bot: spidertools)
2023-03-04 13:38:55 [scrapy.utils.log] INFO: Versions: lxml 4.9.0.0, libxml2 2.9.12, cssselect 1.1.0, parsel 1.6.0, w3lib 1.22.0, Twisted 22.4.0, Python 3.7.7 (tags/v3.7.7:d7c567b08f, Mar 10 2020, 10:41:24) [MSC v.1900 64 bit (AMD64)], pyOpenSSL 22.0.0 (OpenSSL 3.0.3 3 May 2022), cryptography 37.0.2, Platform Windows-10-10.0.22000-SP0
2023-03-04 13:38:55 [scrapy.crawler] INFO: Overridden settings:
{'BOT_NAME': 'spidertools',
 'COOKIES_ENABLED': False,
 'LOG_FILE': 'log/runoob/202334.log',
 'LOG_LEVEL': 'INFO',
 'LOG_STDOUT': 'true',
 'NEWSPIDER_MODULE': 'spidertools.spiders',
 'SPIDER_MODULES': ['spidertools.spiders']}
2023-03-04 13:38:55 [scrapy.extensions.telnet] INFO: Telnet Password: 039d31377e5ffdaa
2023-03-04 13:38:55 [scrapy.middleware] INFO: Enabled extensions:
['scrapy.extensions.corestats.CoreStats',
 'scrapy.extensions.telnet.TelnetConsole',
 'scrapy.extensions.logstats.LogStats']
2023-03-04 13:38:55 [scrapy.middleware] INFO: Enabled downloader middlewares:
['scrapy.downloadermiddlewares.httpauth.HttpAuthMiddleware',
 'scrapy.downloadermiddlewares.downloadtimeout.DownloadTimeoutMiddleware',
 'scrapy.downloadermiddlewares.defaultheaders.DefaultHeadersMiddleware',
 'scrapy.downloadermiddlewares.useragent.UserAgentMiddleware',
 'spidertools.PenrMiddlewares.Middleware',
 'scrapy.downloadermiddlewares.retry.RetryMiddleware',
 'scrapy.downloadermiddlewares.redirect.MetaRefreshMiddleware',
 'scrapy.downloadermiddlewares.httpcompression.HttpCompressionMiddleware',
 'scrapy.downloadermiddlewares.redirect.RedirectMiddleware',
 'scrapy.downloadermiddlewares.httpproxy.HttpProxyMiddleware',
 'scrapy.downloadermiddlewares.stats.DownloaderStats']
2023-03-04 13:38:55 [scrapy.middleware] INFO: Enabled spider middlewares:
['scrapy.spidermiddlewares.httperror.HttpErrorMiddleware',
 'scrapy.spidermiddlewares.offsite.OffsiteMiddleware',
 'scrapy.spidermiddlewares.referer.RefererMiddleware',
 'scrapy.spidermiddlewares.urllength.UrlLengthMiddleware',
 'scrapy.spidermiddlewares.depth.DepthMiddleware']
2023-03-04 13:38:55 [scrapy.middleware] INFO: Enabled item pipelines:
['spidertools.pipelines.SpidertoolsPipeline']
2023-03-04 13:38:55 [scrapy.core.engine] INFO: Spider opened
2023-03-04 13:38:55 [scrapy.extensions.logstats] INFO: Crawled 0 pages (at 0 pages/min), scraped 0 items (at 0 items/min)
2023-03-04 13:38:55 [scrapy.extensions.telnet] INFO: Telnet console listening on 127.0.0.1:6023
2023-03-04 13:38:56 [scrapy.core.engine] INFO: Closing spider (finished)
2023-03-04 13:38:56 [scrapy.statscollectors] INFO: Dumping Scrapy stats:
{'downloader/request_bytes': 365,
 'downloader/request_count': 1,
 'downloader/request_method_count/GET': 1,
 'downloader/response_bytes': 20994,
 'downloader/response_count': 1,
 'downloader/response_status_count/200': 1,
 'elapsed_time_seconds': 0.27017,
 'finish_reason': 'finished',
 'finish_time': datetime.datetime(2023, 3, 4, 5, 38, 56, 110797),
 'httpcompression/response_bytes': 91033,
 'httpcompression/response_count': 1,
 'item_scraped_count': 1,
 'log_count/INFO': 10,
 'response_received_count': 1,
 'scheduler/dequeued': 1,
 'scheduler/dequeued/memory': 1,
 'scheduler/enqueued': 1,
 'scheduler/enqueued/memory': 1,
 'start_time': datetime.datetime(2023, 3, 4, 5, 38, 55, 840627)}
2023-03-04 13:38:56 [scrapy.core.engine] INFO: Spider closed (finished)
